<?xml version="1.0" encoding="UTF-8"?>
<!-- Generated by org.testng.reporters.JUnitReportReporter -->
<testsuite hostname="nsk-dt-asm-70" failures="0" tests="1" name="rok.qa.Testcases.Verify_add_referral_partner_lead_From_community_06" time="64.769" errors="0" timestamp="2024-04-09T12:33:11 IST" skipped="0">
  <testcase classname="rok.qa.Testcases.Verify_add_referral_partner_lead_From_community_06" name="Add_Referral_Partner_lead_From_community" time="64.769"/>
</testsuite> <!-- rok.qa.Testcases.Verify_add_referral_partner_lead_From_community_06 -->
