<?xml version="1.0" encoding="UTF-8"?>
<!-- Generated by org.testng.reporters.JUnitReportReporter -->
<testsuite hostname="nsk-dt-asm-70" failures="0" tests="1" name="rok.qa.Testcases.Verify_logo_on_login_page_01" time="10.212" errors="0" timestamp="2024-04-09T12:33:11 IST" skipped="0">
  <testcase classname="rok.qa.Testcases.Verify_logo_on_login_page_01" name="VerfyLogo" time="10.212"/>
</testsuite> <!-- rok.qa.Testcases.Verify_logo_on_login_page_01 -->
