<?xml version="1.0" encoding="UTF-8"?>
<!-- Generated by org.testng.reporters.JUnitReportReporter -->
<testsuite hostname="nsk-dt-asm-70" failures="0" tests="1" name="rok.qa.Testcases.Verify_Salesforce_Login" time="17.823" errors="0" timestamp="2024-03-26T12:12:20 IST" skipped="0">
  <testcase classname="rok.qa.Testcases.Verify_Salesforce_Login" name="VerfysalesforceLogin" time="17.823"/>
</testsuite> <!-- rok.qa.Testcases.Verify_Salesforce_Login -->
