<?xml version="1.0" encoding="UTF-8"?>
<!-- Generated by org.testng.reporters.JUnitReportReporter -->
<testsuite hostname="nsk-dt-asm-70" failures="0" tests="1" name="rok.qa.Testcases.Verify_community_Login_02" time="25.090" errors="0" timestamp="2024-04-09T12:33:11 IST" skipped="0">
  <testcase classname="rok.qa.Testcases.Verify_community_Login_02" name="VerfyLogin" time="25.090"/>
</testsuite> <!-- rok.qa.Testcases.Verify_community_Login_02 -->
