<?xml version="1.0" encoding="UTF-8"?>
<!-- Generated by org.testng.reporters.JUnitReportReporter -->
<testsuite hostname="nsk-dt-asm-70" failures="0" tests="1" name="demo.PDFDownloadAndVerify" time="0.603" errors="0" timestamp="2024-04-15T15:20:39 IST" skipped="0">
  <testcase classname="demo.PDFDownloadAndVerify" name="verifypdf" time="0.603"/>
</testsuite> <!-- demo.PDFDownloadAndVerify -->
